Analysis & Synthesis report for model
Tue Dec 08 16:20:10 2020
Quartus II Version 9.0 Build 132 02/25/2009 SJ Full Version


---------------------
; Table of Contents ;
---------------------
  1. Legal Notice
  2. Analysis & Synthesis Summary
  3. Analysis & Synthesis Settings
  4. Analysis & Synthesis Source Files Read
  5. Analysis & Synthesis Resource Usage Summary
  6. Analysis & Synthesis Resource Utilization by Entity
  7. Registers Removed During Synthesis
  8. Removed Registers Triggering Further Register Optimizations
  9. General Register Statistics
 10. Inverted Register Statistics
 11. Multiplexer Restructuring Statistics (Restructuring Performed)
 12. Parameter Settings for User Entity Instance: Top-level Entity: |model
 13. Analysis & Synthesis Messages



----------------
; Legal Notice ;
----------------
Copyright (C) 1991-2009 Altera Corporation
Your use of Altera Corporation's design tools, logic functions 
and other software and tools, and its AMPP partner logic 
functions, and any output files from any of the foregoing 
(including device programming or simulation files), and any 
associated documentation or information are expressly subject 
to the terms and conditions of the Altera Program License 
Subscription Agreement, Altera MegaCore Function License 
Agreement, or other applicable license agreement, including, 
without limitation, that your use is for the sole purpose of 
programming logic devices manufactured by Altera and sold by 
Altera or its authorized distributors.  Please refer to the 
applicable agreement for further details.



+-------------------------------------------------------------------------------+
; Analysis & Synthesis Summary                                                  ;
+------------------------------------+------------------------------------------+
; Analysis & Synthesis Status        ; Successful - Tue Dec 08 16:20:10 2020    ;
; Quartus II Version                 ; 9.0 Build 132 02/25/2009 SJ Full Version ;
; Revision Name                      ; model                                    ;
; Top-level Entity Name              ; model                                    ;
; Family                             ; Cyclone III                              ;
; Total logic elements               ; 339                                      ;
;     Total combinational functions  ; 312                                      ;
;     Dedicated logic registers      ; 120                                      ;
; Total registers                    ; 120                                      ;
; Total pins                         ; 70                                       ;
; Total virtual pins                 ; 0                                        ;
; Total memory bits                  ; 0                                        ;
; Embedded Multiplier 9-bit elements ; 0                                        ;
; Total PLLs                         ; 0                                        ;
+------------------------------------+------------------------------------------+


+----------------------------------------------------------------------------------------------------------+
; Analysis & Synthesis Settings                                                                            ;
+----------------------------------------------------------------+--------------------+--------------------+
; Option                                                         ; Setting            ; Default Value      ;
+----------------------------------------------------------------+--------------------+--------------------+
; Top-level entity name                                          ; model              ; model              ;
; Family name                                                    ; Cyclone III        ; Stratix II         ;
; Optimization Technique                                         ; Area               ; Balanced           ;
; Type of Retiming Performed During Resynthesis                  ; Full               ;                    ;
; Resynthesis Optimization Effort                                ; Normal             ;                    ;
; Physical Synthesis Level for Resynthesis                       ; Normal             ;                    ;
; Use Generated Physical Constraints File                        ; On                 ;                    ;
; Use smart compilation                                          ; Off                ; Off                ;
; Restructure Multiplexers                                       ; Auto               ; Auto               ;
; Create Debugging Nodes for IP Cores                            ; Off                ; Off                ;
; Preserve fewer node names                                      ; On                 ; On                 ;
; Disable OpenCore Plus hardware evaluation                      ; Off                ; Off                ;
; Verilog Version                                                ; Verilog_2001       ; Verilog_2001       ;
; VHDL Version                                                   ; VHDL93             ; VHDL93             ;
; State Machine Processing                                       ; Auto               ; Auto               ;
; Safe State Machine                                             ; Off                ; Off                ;
; Extract Verilog State Machines                                 ; On                 ; On                 ;
; Extract VHDL State Machines                                    ; On                 ; On                 ;
; Ignore Verilog initial constructs                              ; Off                ; Off                ;
; Iteration limit for constant Verilog loops                     ; 5000               ; 5000               ;
; Iteration limit for non-constant Verilog loops                 ; 250                ; 250                ;
; Add Pass-Through Logic to Inferred RAMs                        ; On                 ; On                 ;
; Parallel Synthesis                                             ; Off                ; Off                ;
; DSP Block Balancing                                            ; Auto               ; Auto               ;
; NOT Gate Push-Back                                             ; On                 ; On                 ;
; Power-Up Don't Care                                            ; On                 ; On                 ;
; Remove Redundant Logic Cells                                   ; Off                ; Off                ;
; Remove Duplicate Registers                                     ; On                 ; On                 ;
; Ignore CARRY Buffers                                           ; Off                ; Off                ;
; Ignore CASCADE Buffers                                         ; Off                ; Off                ;
; Ignore GLOBAL Buffers                                          ; Off                ; Off                ;
; Ignore ROW GLOBAL Buffers                                      ; Off                ; Off                ;
; Ignore LCELL Buffers                                           ; Off                ; Off                ;
; Ignore SOFT Buffers                                            ; On                 ; On                 ;
; Limit AHDL Integers to 32 Bits                                 ; Off                ; Off                ;
; Carry Chain Length                                             ; 70                 ; 70                 ;
; Auto Carry Chains                                              ; On                 ; On                 ;
; Auto Open-Drain Pins                                           ; On                 ; On                 ;
; Perform WYSIWYG Primitive Resynthesis                          ; Off                ; Off                ;
; Auto ROM Replacement                                           ; On                 ; On                 ;
; Auto RAM Replacement                                           ; On                 ; On                 ;
; Auto DSP Block Replacement                                     ; On                 ; On                 ;
; Auto Shift Register Replacement                                ; Auto               ; Auto               ;
; Auto Clock Enable Replacement                                  ; On                 ; On                 ;
; Strict RAM Replacement                                         ; Off                ; Off                ;
; Allow Synchronous Control Signals                              ; On                 ; On                 ;
; Force Use of Synchronous Clear Signals                         ; Off                ; Off                ;
; Auto RAM Block Balancing                                       ; On                 ; On                 ;
; Auto RAM to Logic Cell Conversion                              ; Off                ; Off                ;
; Auto Resource Sharing                                          ; Off                ; Off                ;
; Allow Any RAM Size For Recognition                             ; Off                ; Off                ;
; Allow Any ROM Size For Recognition                             ; Off                ; Off                ;
; Allow Any Shift Register Size For Recognition                  ; Off                ; Off                ;
; Use LogicLock Constraints during Resource Balancing            ; On                 ; On                 ;
; Ignore translate_off and synthesis_off directives              ; Off                ; Off                ;
; Timing-Driven Synthesis                                        ; Off                ; Off                ;
; Show Parameter Settings Tables in Synthesis Report             ; On                 ; On                 ;
; Ignore Maximum Fan-Out Assignments                             ; Off                ; Off                ;
; Synchronization Register Chain Length                          ; 2                  ; 2                  ;
; PowerPlay Power Optimization                                   ; Normal compilation ; Normal compilation ;
; HDL message level                                              ; Level2             ; Level2             ;
; Suppress Register Optimization Related Messages                ; Off                ; Off                ;
; Number of Removed Registers Reported in Synthesis Report       ; 100                ; 100                ;
; Number of Inverted Registers Reported in Synthesis Report      ; 100                ; 100                ;
; Clock MUX Protection                                           ; On                 ; On                 ;
; Auto Gated Clock Conversion                                    ; Off                ; Off                ;
; Block Design Naming                                            ; Auto               ; Auto               ;
; SDC constraint protection                                      ; Off                ; Off                ;
; Synthesis Effort                                               ; Auto               ; Auto               ;
; Allows Asynchronous Clear Usage For Shift Register Replacement ; On                 ; On                 ;
; Analysis & Synthesis Message Level                             ; Medium             ; Medium             ;
+----------------------------------------------------------------+--------------------+--------------------+


+--------------------------------------------------------------------------------------------------------------------------------------------+
; Analysis & Synthesis Source Files Read                                                                                                     ;
+----------------------------------+-----------------+------------------------------+--------------------------------------------------------+
; File Name with User-Entered Path ; Used in Netlist ; File Type                    ; File Name with Absolute Path                           ;
+----------------------------------+-----------------+------------------------------+--------------------------------------------------------+
; model.sv                         ; yes             ; User SystemVerilog HDL File  ; F:/buet accademic/3.2/DLD lab/project/5_s_3_q/model.sv ;
+----------------------------------+-----------------+------------------------------+--------------------------------------------------------+


+---------------------------------------------------------+
; Analysis & Synthesis Resource Usage Summary             ;
+---------------------------------------------+-----------+
; Resource                                    ; Usage     ;
+---------------------------------------------+-----------+
; Estimated Total logic elements              ; 339       ;
;                                             ;           ;
; Total combinational functions               ; 312       ;
; Logic element usage by number of LUT inputs ;           ;
;     -- 4 input functions                    ; 168       ;
;     -- 3 input functions                    ; 56        ;
;     -- <=2 input functions                  ; 88        ;
;                                             ;           ;
; Logic elements by mode                      ;           ;
;     -- normal mode                          ; 250       ;
;     -- arithmetic mode                      ; 62        ;
;                                             ;           ;
; Total registers                             ; 120       ;
;     -- Dedicated logic registers            ; 120       ;
;     -- I/O registers                        ; 0         ;
;                                             ;           ;
; I/O pins                                    ; 70        ;
; Maximum fan-out node                        ; clk~input ;
; Maximum fan-out                             ; 120       ;
; Total fan-out                               ; 1569      ;
; Average fan-out                             ; 2.74      ;
+---------------------------------------------+-----------+


+-----------------------------------------------------------------------------------------------------------------------------------------------------------------------------+
; Analysis & Synthesis Resource Utilization by Entity                                                                                                                         ;
+----------------------------+-------------------+--------------+-------------+--------------+---------+-----------+------+--------------+---------------------+--------------+
; Compilation Hierarchy Node ; LC Combinationals ; LC Registers ; Memory Bits ; DSP Elements ; DSP 9x9 ; DSP 18x18 ; Pins ; Virtual Pins ; Full Hierarchy Name ; Library Name ;
+----------------------------+-------------------+--------------+-------------+--------------+---------+-----------+------+--------------+---------------------+--------------+
; |model                     ; 312 (312)         ; 120 (120)    ; 0           ; 0            ; 0       ; 0         ; 70   ; 0            ; |model              ; work         ;
+----------------------------+-------------------+--------------+-------------+--------------+---------+-----------+------+--------------+---------------------+--------------+
Note: For table entries with two numbers listed, the numbers in parentheses indicate the number of resources of the given type used by the specific entity alone. The numbers listed outside of parentheses indicate the total resources of the given type used by the specific entity and all of its sub-entities in the hierarchy.


+----------------------------------------------------------------------------------+
; Registers Removed During Synthesis                                               ;
+-----------------------------------------+----------------------------------------+
; Register name                           ; Reason for Removal                     ;
+-----------------------------------------+----------------------------------------+
; enable_1[1..31]                         ; Stuck at GND due to stuck port data_in ;
; store_z[2]                              ; Merged with store_low[31]              ;
; store_low[3..30]                        ; Merged with store_low[31]              ;
; enable_3[1..30]                         ; Merged with enable_3[31]               ;
; rem_row_value[3][1]~reg0                ; Merged with rem_row_value[3][2]~reg0   ;
; rem_row_value[2][2]~reg0                ; Merged with rem_row_value[3][0]~reg0   ;
; rem_row_value[1][0]~reg0                ; Merged with rem_row_value[3][0]~reg0   ;
; rem_row_value[2][0]~reg0                ; Merged with rem_row_value[3][0]~reg0   ;
; rem_row_value[1][1]~reg0                ; Merged with rem_row_value[3][0]~reg0   ;
; enable_2[2..31]                         ; Merged with enable_2[1]                ;
; rem_row_value[3][0]~reg0                ; Stuck at GND due to stuck port data_in ;
; data_2[5][0]~reg0                       ; Stuck at GND due to stuck port data_in ;
; data_2[4][0]~reg0                       ; Stuck at GND due to stuck port data_in ;
; data_2[3][0]~reg0                       ; Stuck at GND due to stuck port data_in ;
; data_2[2][0]~reg0                       ; Stuck at GND due to stuck port data_in ;
; data_2[1][0]~reg0                       ; Stuck at GND due to stuck port data_in ;
; data_3[5][0]~reg0                       ; Stuck at GND due to stuck port data_in ;
; data_3[4][0]~reg0                       ; Stuck at GND due to stuck port data_in ;
; data_3[3][0]~reg0                       ; Stuck at GND due to stuck port data_in ;
; data_3[2][0]~reg0                       ; Stuck at GND due to stuck port data_in ;
; data_3[1][0]~reg0                       ; Stuck at GND due to stuck port data_in ;
; store_low[31]                           ; Stuck at GND due to stuck port data_in ;
; store_z[1]                              ; Lost fanout                            ;
; prev_colm[2][0]~reg0                    ; Stuck at GND due to stuck port data_in ;
; enable_2[1]                             ; Stuck at GND due to stuck port data_in ;
; enable_3[31]                            ; Stuck at GND due to stuck port data_in ;
; store_low[0..2]                         ; Lost fanout                            ;
; Total Number of Removed Registers = 144 ;                                        ;
+-----------------------------------------+----------------------------------------+


+-----------------------------------------------------------------------------------------+
; Removed Registers Triggering Further Register Optimizations                             ;
+-------------------+---------------------------+-----------------------------------------+
; Register name     ; Reason for Removal        ; Registers Removed due to This Register  ;
+-------------------+---------------------------+-----------------------------------------+
; enable_1[1]       ; Stuck at GND              ; rem_row_value[3][0]~reg0, store_low[31] ;
;                   ; due to stuck port data_in ;                                         ;
; data_2[2][0]~reg0 ; Stuck at GND              ; prev_colm[2][0]~reg0, store_low[2]      ;
;                   ; due to stuck port data_in ;                                         ;
+-------------------+---------------------------+-----------------------------------------+


+------------------------------------------------------+
; General Register Statistics                          ;
+----------------------------------------------+-------+
; Statistic                                    ; Value ;
+----------------------------------------------+-------+
; Total registers                              ; 120   ;
; Number of registers using Synchronous Clear  ; 62    ;
; Number of registers using Synchronous Load   ; 9     ;
; Number of registers using Asynchronous Clear ; 0     ;
; Number of registers using Asynchronous Load  ; 0     ;
; Number of registers using Clock Enable       ; 119   ;
; Number of registers using Preset             ; 0     ;
+----------------------------------------------+-------+


+--------------------------------------------------+
; Inverted Register Statistics                     ;
+----------------------------------------+---------+
; Inverted Register                      ; Fan out ;
+----------------------------------------+---------+
; y[0]                                   ; 7       ;
; enable_1[0]                            ; 43      ;
; x[0]                                   ; 24      ;
; Total number of inverted registers = 3 ;         ;
+----------------------------------------+---------+


+--------------------------------------------------------------------------------------------------------------------------------------------------+
; Multiplexer Restructuring Statistics (Restructuring Performed)                                                                                   ;
+--------------------+-----------+---------------+----------------------+------------------------+------------+------------------------------------+
; Multiplexer Inputs ; Bus Width ; Baseline Area ; Area if Restructured ; Saving if Restructured ; Registered ; Example Multiplexer Output         ;
+--------------------+-----------+---------------+----------------------+------------------------+------------+------------------------------------+
; 3:1                ; 3 bits    ; 6 LEs         ; 0 LEs                ; 6 LEs                  ; Yes        ; |model|prev_colm[1][2]~reg0        ;
; 3:1                ; 12 bits   ; 24 LEs        ; 12 LEs               ; 12 LEs                 ; Yes        ; |model|colm_value_count[3][1]~reg0 ;
; 3:1                ; 31 bits   ; 62 LEs        ; 0 LEs                ; 62 LEs                 ; Yes        ; |model|x[20]                       ;
; 5:1                ; 3 bits    ; 9 LEs         ; 3 LEs                ; 6 LEs                  ; Yes        ; |model|store_z[0]                  ;
; 5:1                ; 31 bits   ; 93 LEs        ; 31 LEs               ; 62 LEs                 ; Yes        ; |model|y[16]                       ;
; 7:1                ; 3 bits    ; 12 LEs        ; 6 LEs                ; 6 LEs                  ; Yes        ; |model|store_low[1]                ;
; 5:1                ; 6 bits    ; 18 LEs        ; 18 LEs               ; 0 LEs                  ; No         ; |model|Mux1                        ;
; 4:1                ; 3 bits    ; 6 LEs         ; 6 LEs                ; 0 LEs                  ; No         ; |model|store_low~35                ;
; 4:1                ; 3 bits    ; 6 LEs         ; 6 LEs                ; 0 LEs                  ; No         ; |model|store_low~203               ;
+--------------------+-----------+---------------+----------------------+------------------------+------------+------------------------------------+


+-----------------------------------------------------------------------+
; Parameter Settings for User Entity Instance: Top-level Entity: |model ;
+----------------+-------+----------------------------------------------+
; Parameter Name ; Value ; Type                                         ;
+----------------+-------+----------------------------------------------+
; s              ; 5     ; Signed Integer                               ;
; q              ; 3     ; Signed Integer                               ;
+----------------+-------+----------------------------------------------+
Note: In order to hide this table in the UI and the text report file, please set the "Show Parameter Settings Tables in Synthesis Report" option in "Analysis and Synthesis Settings -> More Settings" to "Off".


+-------------------------------+
; Analysis & Synthesis Messages ;
+-------------------------------+
Info: *******************************************************************
Info: Running Quartus II Analysis & Synthesis
    Info: Version 9.0 Build 132 02/25/2009 SJ Full Version
    Info: Processing started: Tue Dec 08 16:20:07 2020
Info: Command: quartus_map --read_settings_files=on --write_settings_files=off model -c model
Info: Found 1 design units, including 1 entities, in source file model.sv
    Info: Found entity 1: model
Info: Elaborating entity "model" for the top level hierarchy
Warning (10230): Verilog HDL assignment warning at model.sv(54): truncated value with size 32 to match size of target (3)
Warning (10230): Verilog HDL assignment warning at model.sv(80): truncated value with size 32 to match size of target (3)
Warning (10230): Verilog HDL assignment warning at model.sv(117): truncated value with size 32 to match size of target (3)
Warning (10230): Verilog HDL assignment warning at model.sv(137): truncated value with size 32 to match size of target (3)
Warning (10230): Verilog HDL assignment warning at model.sv(145): truncated value with size 32 to match size of target (3)
Warning (10776): Verilog HDL warning at model.sv(129): variable value in static task or function after_row_colm_check may have unintended latch behavior
Warning (10030): Net "after_row_colm_check.org_data[1][0]" at model.sv(128) has no driver or initial value, using a default initial value '0'
Warning (10030): Net "after_row_colm_check.org_data[1][1]" at model.sv(128) has no driver or initial value, using a default initial value '0'
Warning (10030): Net "after_row_colm_check.org_data[1][2]" at model.sv(128) has no driver or initial value, using a default initial value '0'
Warning (10030): Net "after_row_colm_check.org_data[2][0]" at model.sv(128) has no driver or initial value, using a default initial value '0'
Warning (10030): Net "after_row_colm_check.org_data[2][1]" at model.sv(128) has no driver or initial value, using a default initial value '0'
Warning (10030): Net "after_row_colm_check.org_data[2][2]" at model.sv(128) has no driver or initial value, using a default initial value '0'
Warning (10030): Net "after_row_colm_check.org_data[3][0]" at model.sv(128) has no driver or initial value, using a default initial value '0'
Warning (10030): Net "after_row_colm_check.org_data[3][1]" at model.sv(128) has no driver or initial value, using a default initial value '0'
Warning (10030): Net "after_row_colm_check.org_data[3][2]" at model.sv(128) has no driver or initial value, using a default initial value '0'
Warning (10030): Net "after_row_colm_check.org_data[4][0]" at model.sv(128) has no driver or initial value, using a default initial value '0'
Warning (10030): Net "after_row_colm_check.org_data[4][1]" at model.sv(128) has no driver or initial value, using a default initial value '0'
Warning (10030): Net "after_row_colm_check.org_data[4][2]" at model.sv(128) has no driver or initial value, using a default initial value '0'
Warning (10030): Net "after_row_colm_check.org_data[5][0]" at model.sv(128) has no driver or initial value, using a default initial value '0'
Warning (10030): Net "after_row_colm_check.org_data[5][1]" at model.sv(128) has no driver or initial value, using a default initial value '0'
Warning (10030): Net "after_row_colm_check.org_data[5][2]" at model.sv(128) has no driver or initial value, using a default initial value '0'
Warning (10030): Net "after_row_colm_check.value[0]" at model.sv(129) has no driver or initial value, using a default initial value '0'
Warning (10030): Net "after_row_colm_check.value[1]" at model.sv(129) has no driver or initial value, using a default initial value '0'
Warning (10030): Net "after_row_colm_check.value[2]" at model.sv(129) has no driver or initial value, using a default initial value '0'
Info (10041): Inferred latch for "after_row_colm_check.value[2]" at model.sv(142)
Info (10041): Inferred latch for "after_row_colm_check.value[1]" at model.sv(142)
Info (10041): Inferred latch for "after_row_colm_check.value[0]" at model.sv(142)
Warning: LATCH primitive "after_row_colm_check.value[1]_7435" is permanently enabled
Warning: LATCH primitive "after_row_colm_check.value[0]_7438" is permanently enabled
Warning: LATCH primitive "after_row_colm_check.value[2]_7432" is permanently enabled
Warning: LATCH primitive "after_row_colm_check.value[2]_7432" is permanently enabled
Warning: LATCH primitive "after_row_colm_check.value[1]_7435" is permanently enabled
Warning: Output pins are stuck at VCC or GND
    Warning (13410): Pin "data_2[5][0]" is stuck at GND
    Warning (13410): Pin "data_2[4][0]" is stuck at GND
    Warning (13410): Pin "data_2[3][0]" is stuck at GND
    Warning (13410): Pin "data_2[2][0]" is stuck at GND
    Warning (13410): Pin "data_2[1][0]" is stuck at GND
    Warning (13410): Pin "data_3[5][0]" is stuck at GND
    Warning (13410): Pin "data_3[4][0]" is stuck at GND
    Warning (13410): Pin "data_3[3][0]" is stuck at GND
    Warning (13410): Pin "data_3[2][0]" is stuck at GND
    Warning (13410): Pin "data_3[1][0]" is stuck at GND
    Warning (13410): Pin "rem_row_value[3][0]" is stuck at GND
    Warning (13410): Pin "rem_row_value[2][2]" is stuck at GND
    Warning (13410): Pin "rem_row_value[2][0]" is stuck at GND
    Warning (13410): Pin "rem_row_value[1][1]" is stuck at GND
    Warning (13410): Pin "rem_row_value[1][0]" is stuck at GND
    Warning (13410): Pin "prev_colm[2][0]" is stuck at GND
Info: 4 registers lost all their fanouts during netlist optimizations. The first 4 are displayed below.
    Info: Register "store_z[1]" lost all its fanouts during netlist optimizations.
    Info: Register "store_low[0]" lost all its fanouts during netlist optimizations.
    Info: Register "store_low[1]" lost all its fanouts during netlist optimizations.
    Info: Register "store_low[2]" lost all its fanouts during netlist optimizations.
Info: Implemented 427 device resources after synthesis - the final resource count might be different
    Info: Implemented 1 input pins
    Info: Implemented 69 output pins
    Info: Implemented 357 logic cells
Info: Quartus II Analysis & Synthesis was successful. 0 errors, 46 warnings
    Info: Peak virtual memory: 217 megabytes
    Info: Processing ended: Tue Dec 08 16:20:10 2020
    Info: Elapsed time: 00:00:03
    Info: Total CPU time (on all processors): 00:00:03


